# JRE version: Java(TM) SE Runtime Environment (8.0_291-b10) (build 1.8.0_291-b10)
# Java VM: Java HotSpot(TM) Client VM (25.291-b10 mixed mode windows-x86 )
Heap:
 def new generation   total 12608K, used 8964K [0x04e00000, 0x05ba0000, 0x0a350000)
  eden space 11264K,  71% used [0x04e00000, 0x055e4930, 0x05900000)
  from space 1344K,  65% used [0x05a50000, 0x05b2c8b8, 0x05ba0000)
  to   space 1344K,   0% used [0x05900000, 0x05900000, 0x05a50000)
 tenured generation   total 27868K, used 24518K [0x0a350000, 0x0be87000, 0x14e00000)
   the space 27868K,  87% used [0x0a350000, 0x0bb419f8, 0x0bb41a00, 0x0be87000)
 Metaspace       used 25804K, capacity 26121K, committed 26240K, reserved 27008K
GC Heap History (10 events):
Event: 5.110 GC heap before
{Heap before GC invocations=192 (full 3):
 def new generation   total 12608K, used 12024K [0x04e00000, 0x05ba0000, 0x0a350000)
  eden space 11264K, 100% used [0x04e00000, 0x05900000, 0x05900000)
  from space 1344K,  56% used [0x05900000, 0x059be3f0, 0x05a50000)
  to   space 1344K,   0% used [0x05a50000, 0x05a50000, 0x05ba0000)
 tenured generation   total 27868K, used 23711K [0x0a350000, 0x0be87000, 0x14e00000)
   the space 27868K,  85% used [0x0a350000, 0x0ba77fa0, 0x0ba78000, 0x0be87000)
 Metaspace       used 24685K, capacity 24986K, committed 25088K, reserved 25984K
Event: 5.113 GC heap after
Heap after GC invocations=193 (full 3):
 def new generation   total 12608K, used 786K [0x04e00000, 0x05ba0000, 0x0a350000)
  eden space 11264K,   0% used [0x04e00000, 0x04e00000, 0x05900000)
  from space 1344K,  58% used [0x05a50000, 0x05b14b30, 0x05ba0000)
  to   space 1344K,   0% used [0x05900000, 0x05900000, 0x05a50000)
 tenured generation   total 27868K, used 23933K [0x0a350000, 0x0be87000, 0x14e00000)
   the space 27868K,  85% used [0x0a350000, 0x0baaf538, 0x0baaf600, 0x0be87000)
 Metaspace       used 24685K, capacity 24986K, committed 25088K, reserved 25984K
}
Event: 5.155 GC heap before
{Heap before GC invocations=193 (full 3):
 def new generation   total 12608K, used 12050K [0x04e00000, 0x05ba0000, 0x0a350000)
  eden space 11264K, 100% used [0x04e00000, 0x05900000, 0x05900000)
  from space 1344K,  58% used [0x05a50000, 0x05b14b30, 0x05ba0000)
  to   space 1344K,   0% used [0x05900000, 0x05900000, 0x05a50000)
 tenured generation   total 27868K, used 23933K [0x0a350000, 0x0be87000, 0x14e00000)
   the space 27868K,  85% used [0x0a350000, 0x0baaf538, 0x0baaf600, 0x0be87000)
 Metaspace       used 24718K, capacity 25018K, committed 25088K, reserved 25984K
Event: 5.158 GC heap after
Heap after GC invocations=194 (full 3):
 def new generation   total 12608K, used 625K [0x04e00000, 0x05ba0000, 0x0a350000)
  eden space 11264K,   0% used [0x04e00000, 0x04e00000, 0x05900000)
  from space 1344K,  46% used [0x05900000, 0x0599c4d8, 0x05a50000)
  to   space 1344K,   0% used [0x05a50000, 0x05a50000, 0x05ba0000)
 tenured generation   total 27868K, used 24237K [0x0a350000, 0x0be87000, 0x14e00000)
   the space 27868K,  86% used [0x0a350000, 0x0bafb518, 0x0bafb600, 0x0be87000)
 Metaspace       used 24718K, capacity 25018K, committed 25088K, reserved 25984K
}
Event: 5.224 GC heap before
{Heap before GC invocations=194 (full 3):
 def new generation   total 12608K, used 11889K [0x04e00000, 0x05ba0000, 0x0a350000)
  eden space 11264K, 100% used [0x04e00000, 0x05900000, 0x05900000)
  from space 1344K,  46% used [0x05900000, 0x0599c4d8, 0x05a50000)
  to   space 1344K,   0% used [0x05a50000, 0x05a50000, 0x05ba0000)
 tenured generation   total 27868K, used 24237K [0x0a350000, 0x0be87000, 0x14e00000)
   the space 27868K,  86% used [0x0a350000, 0x0bafb518, 0x0bafb600, 0x0be87000)
 Metaspace       used 24735K, capacity 25018K, committed 25088K, reserved 25984K
Event: 5.227 GC heap after
Heap after GC invocations=195 (full 3):
 def new generation   total 12608K, used 613K [0x04e00000, 0x05ba0000, 0x0a350000)
  eden space 11264K,   0% used [0x04e00000, 0x04e00000, 0x05900000)
  from space 1344K,  45% used [0x05a50000, 0x05ae9780, 0x05ba0000)
  to   space 1344K,   0% used [0x05900000, 0x05900000, 0x05a50000)
 tenured generation   total 27868K, used 24237K [0x0a350000, 0x0be87000, 0x14e00000)
   the space 27868K,  86% used [0x0a350000, 0x0bafb518, 0x0bafb600, 0x0be87000)
 Metaspace       used 24735K, capacity 25018K, committed 25088K, reserved 25984K
}
Event: 5.283 GC heap before
{Heap before GC invocations=195 (full 3):
 def new generation   total 12608K, used 11877K [0x04e00000, 0x05ba0000, 0x0a350000)
  eden space 11264K, 100% used [0x04e00000, 0x05900000, 0x05900000)
  from space 1344K,  45% used [0x05a50000, 0x05ae9780, 0x05ba0000)
  to   space 1344K,   0% used [0x05900000, 0x05900000, 0x05a50000)
 tenured generation   total 27868K, used 24237K [0x0a350000, 0x0be87000, 0x14e00000)
   the space 27868K,  86% used [0x0a350000, 0x0bafb518, 0x0bafb600, 0x0be87000)
 Metaspace       used 24919K, capacity 25213K, committed 25216K, reserved 25984K
Event: 5.285 GC heap after
Heap after GC invocations=196 (full 3):
 def new generation   total 12608K, used 885K [0x04e00000, 0x05ba0000, 0x0a350000)
  eden space 11264K,   0% used [0x04e00000, 0x04e00000, 0x05900000)
  from space 1344K,  65% used [0x05900000, 0x059dd610, 0x05a50000)
  to   space 1344K,   0% used [0x05a50000, 0x05a50000, 0x05ba0000)
 tenured generation   total 27868K, used 24237K [0x0a350000, 0x0be87000, 0x14e00000)
   the space 27868K,  86% used [0x0a350000, 0x0bafb518, 0x0bafb600, 0x0be87000)
 Metaspace       used 24919K, capacity 25213K, committed 25216K, reserved 25984K
}
Event: 5.333 GC heap before
{Heap before GC invocations=196 (full 3):
 def new generation   total 12608K, used 12149K [0x04e00000, 0x05ba0000, 0x0a350000)
  eden space 11264K, 100% used [0x04e00000, 0x05900000, 0x05900000)
  from space 1344K,  65% used [0x05900000, 0x059dd610, 0x05a50000)
  to   space 1344K,   0% used [0x05a50000, 0x05a50000, 0x05ba0000)
 tenured generation   total 27868K, used 24237K [0x0a350000, 0x0be87000, 0x14e00000)
   the space 27868K,  86% used [0x0a350000, 0x0bafb518, 0x0bafb600, 0x0be87000)
 Metaspace       used 25354K, capacity 25661K, committed 25728K, reserved 25984K
Event: 5.336 GC heap after
Heap after GC invocations=197 (full 3):
 def new generation   total 12608K, used 882K [0x04e00000, 0x05ba0000, 0x0a350000)
  eden space 11264K,   0% used [0x04e00000, 0x04e00000, 0x05900000)
  from space 1344K,  65% used [0x05a50000, 0x05b2c8b8, 0x05ba0000)
  to   space 1344K,   0% used [0x05900000, 0x05900000, 0x05a50000)
 tenured generation   total 27868K, used 24518K [0x0a350000, 0x0be87000, 0x14e00000)
   the space 27868K,  87% used [0x0a350000, 0x0bb419f8, 0x0bb41a00, 0x0be87000)
 Metaspace       used 25354K, capacity 25661K, committed 25728K, reserved 25984K
}

